<?xml version="1.0" encoding="UTF-8"?>
<robot generator="Robot 7.3.2 (Python 3.14.0 on win32)" generated="2025-10-31T10:15:14.239612" rpa="false" schemaversion="5">
<suite id="s1" name="Avaliacao Vendedor Testes" source="c:\Users\arthu\Documents\programacao_faculdade\O.M.C.E\projetos\testesrobot\testes\avaliacao_vendedor_testes.robot">
<test id="s1-t1" name="CT56 - Deve fazer o cadastro de uma avaliação de um vendedor sem nota" line="12">
<kw name="Abrir o navegador" owner="login_resources" type="SETUP">
<kw name="Open Browser" owner="SeleniumLibrary">
<msg time="2025-10-31T10:15:14.527149" level="INFO">Opening browser 'Chrome' to base url 'http://127.0.0.1:5500/projetos/front-end/html/login.html'.</msg>
<arg>${URL}</arg>
<arg>${BROWSER}</arg>
<doc>Opens a new browser instance to the optional ``url``.</doc>
<status status="PASS" start="2025-10-31T10:15:14.526758" elapsed="1.309130"/>
</kw>
<kw name="Maximize Browser Window" owner="SeleniumLibrary">
<doc>Maximizes current browser window.</doc>
<status status="PASS" start="2025-10-31T10:15:15.836302" elapsed="0.034825"/>
</kw>
<status status="PASS" start="2025-10-31T10:15:14.525257" elapsed="1.346293"/>
</kw>
<kw name="Realizar login no site" owner="login_resources">
<kw name="Wait Until Element Is Visible" owner="SeleniumLibrary">
<arg>id=email</arg>
<arg>5s</arg>
<doc>Waits until the element ``locator`` is visible.</doc>
<status status="PASS" start="2025-10-31T10:15:15.872904" elapsed="0.024565"/>
</kw>
<kw name="Input Text" owner="SeleniumLibrary">
<msg time="2025-10-31T10:15:15.898561" level="INFO">Typing text 'omce4952@gmail.com' into text field 'id=email'.</msg>
<arg>id=email</arg>
<arg>${EMAIL}</arg>
<doc>Types the given ``text`` into the text field identified by ``locator``.</doc>
<status status="PASS" start="2025-10-31T10:15:15.897960" elapsed="0.107320"/>
</kw>
<kw name="Input Text" owner="SeleniumLibrary">
<msg time="2025-10-31T10:15:16.007793" level="INFO">Typing text 'Omce1234*' into text field 'id=senha'.</msg>
<arg>id=senha</arg>
<arg>${SENHA}</arg>
<doc>Types the given ``text`` into the text field identified by ``locator``.</doc>
<status status="PASS" start="2025-10-31T10:15:16.007158" elapsed="0.149167"/>
</kw>
<kw name="Wait Until Element Is Visible" owner="SeleniumLibrary">
<arg>xpath=//button[text()='Entrar']</arg>
<arg>5s</arg>
<doc>Waits until the element ``locator`` is visible.</doc>
<status status="PASS" start="2025-10-31T10:15:16.156736" elapsed="0.027708"/>
</kw>
<kw name="Click Button" owner="SeleniumLibrary">
<msg time="2025-10-31T10:15:16.185002" level="INFO">Clicking button 'Entrar'.</msg>
<arg>Entrar</arg>
<doc>Clicks the button identified by ``locator``.</doc>
<status status="PASS" start="2025-10-31T10:15:16.184728" elapsed="0.089821"/>
</kw>
<kw name="Wait Until Page Contains" owner="SeleniumLibrary">
<arg>Bem-vindo ao O.M.C.E</arg>
<arg>10s</arg>
<doc>Waits until ``text`` appears on the current page.</doc>
<status status="PASS" start="2025-10-31T10:15:16.274926" elapsed="0.029685"/>
</kw>
<kw name="Sleep" owner="BuiltIn">
<msg time="2025-10-31T10:15:19.305519" level="INFO">Slept 3 seconds.</msg>
<arg>3s</arg>
<doc>Pauses the test executed for the given time.</doc>
<status status="PASS" start="2025-10-31T10:15:16.304956" elapsed="3.001073"/>
</kw>
<status status="PASS" start="2025-10-31T10:15:15.872377" elapsed="3.433936"/>
</kw>
<kw name="Realizar Avaliação De Vendedor Sem Nota" owner="avaliacao_vendedor_resources">
<kw name="Go To" owner="SeleniumLibrary">
<msg time="2025-10-31T10:15:19.307801" level="INFO">Opening url 'http://127.0.0.1:5500/projetos/front-end/html/historicoCompra.html'</msg>
<arg>${URL_AVALIACAO_PRODUTO}</arg>
<doc>Navigates the current browser window to the provided ``url``.</doc>
<status status="PASS" start="2025-10-31T10:15:19.307534" elapsed="0.051062"/>
</kw>
<kw name="Wait Until Element Is Visible" owner="SeleniumLibrary">
<arg>xpath=//button[contains(text(),'Avaliar')]</arg>
<arg>5s</arg>
<doc>Waits until the element ``locator`` is visible.</doc>
<status status="PASS" start="2025-10-31T10:15:19.359545" elapsed="0.054527"/>
</kw>
<kw name="Click Element" owner="SeleniumLibrary">
<msg time="2025-10-31T10:15:19.415780" level="INFO">Clicking element 'xpath=//button[contains(text(),'Avaliar Vendedor')]'.</msg>
<arg>xpath=//button[contains(text(),'Avaliar Vendedor')]</arg>
<doc>Click the element identified by ``locator``.</doc>
<status status="PASS" start="2025-10-31T10:15:19.415334" elapsed="0.204850"/>
</kw>
<kw name="Location Should Be" owner="SeleniumLibrary">
<msg time="2025-10-31T10:15:19.636358" level="INFO">Current location is 'http://127.0.0.1:5500/projetos/front-end/html/AvaliarVendedor.html'.</msg>
<arg>${URL_AVALIACAO_VENDEDOR}</arg>
<doc>Verifies that the current URL is exactly ``url``.</doc>
<status status="PASS" start="2025-10-31T10:15:19.621003" elapsed="0.015887"/>
</kw>
<kw name="Input Text" owner="SeleniumLibrary">
<msg time="2025-10-31T10:15:19.637936" level="INFO">Typing text 'Teste' into text field 'id=Comentario'.</msg>
<arg>id=Comentario</arg>
<arg>${COMENTARIO_AVALIACAO_VENDEDOR}</arg>
<doc>Types the given ``text`` into the text field identified by ``locator``.</doc>
<status status="PASS" start="2025-10-31T10:15:19.637276" elapsed="0.081259"/>
</kw>
<kw name="Click Element" owner="SeleniumLibrary">
<msg time="2025-10-31T10:15:19.719699" level="INFO">Clicking element 'xpath=//input[@value='Enviar']'.</msg>
<arg>xpath=//input[@value='Enviar']</arg>
<doc>Click the element identified by ``locator``.</doc>
<status status="PASS" start="2025-10-31T10:15:19.719152" elapsed="0.082448"/>
</kw>
<kw name="Wait Until Element Is Visible" owner="SeleniumLibrary">
<arg>css=.swal2-popup</arg>
<arg>10s</arg>
<doc>Waits until the element ``locator`` is visible.</doc>
<status status="PASS" start="2025-10-31T10:15:19.801983" elapsed="0.256597"/>
</kw>
<kw name="Element Should Contain" owner="SeleniumLibrary">
<msg time="2025-10-31T10:15:20.128274" level="INFO">Element 'css=#swal2-title' contains text 'Não foi possível realizar seu cadastro'.</msg>
<arg>css=#swal2-title</arg>
<arg>Não foi possível realizar seu cadastro</arg>
<doc>Verifies that element ``locator`` contains text ``expected``.</doc>
<status status="PASS" start="2025-10-31T10:15:20.059184" elapsed="0.069557"/>
</kw>
<kw name="Click Button" owner="SeleniumLibrary">
<msg time="2025-10-31T10:15:20.129916" level="INFO">Clicking button 'css=.swal2-confirm'.</msg>
<arg>css=.swal2-confirm</arg>
<doc>Clicks the button identified by ``locator``.</doc>
<status status="PASS" start="2025-10-31T10:15:20.129123" elapsed="0.130164"/>
</kw>
<status status="PASS" start="2025-10-31T10:15:19.307048" elapsed="0.952442"/>
</kw>
<kw name="Fechar o navegador" owner="login_resources" type="TEARDOWN">
<kw name="Capture Page Screenshot" owner="SeleniumLibrary">
<msg time="2025-10-31T10:15:20.424474" level="INFO" html="true">&lt;/td&gt;&lt;/tr&gt;&lt;tr&gt;&lt;td colspan="3"&gt;&lt;a href="printsSelenium/screenshot_9.png"&gt;&lt;img src="printsSelenium/screenshot_9.png" width="800px"&gt;&lt;/a&gt;</msg>
<arg>${EXECDIR}/printsSelenium/screenshot_{index}.png</arg>
<doc>Takes a screenshot of the current page and embeds it into a log file.</doc>
<status status="PASS" start="2025-10-31T10:15:20.260686" elapsed="0.164187"/>
</kw>
<kw name="Close Browser" owner="SeleniumLibrary">
<doc>Closes the current browser.</doc>
<status status="PASS" start="2025-10-31T10:15:20.425113" elapsed="2.180535"/>
</kw>
<status status="PASS" start="2025-10-31T10:15:20.260260" elapsed="2.345764"/>
</kw>
<doc>Esse teste realiza uma avaliação de vendedor sem nota</doc>
<tag>avaliacao_vendedor_sem_nota</tag>
<status status="PASS" start="2025-10-31T10:15:14.524031" elapsed="8.116017"/>
</test>
<status status="PASS" start="2025-10-31T10:15:14.245991" elapsed="8.574915"/>
</suite>
<statistics>
<total>
<stat pass="1" fail="0" skip="0">All Tests</stat>
</total>
<tag>
<stat pass="1" fail="0" skip="0">avaliacao_vendedor_sem_nota</stat>
</tag>
<suite>
<stat name="Avaliacao Vendedor Testes" id="s1" pass="1" fail="0" skip="0">Avaliacao Vendedor Testes</stat>
</suite>
</statistics>
<errors>
</errors>
</robot>
