<?xml version="1.0" encoding="UTF-8"?>
<robot generator="Robot 7.3.2 (Python 3.14.0 on win32)" generated="2025-10-30T10:44:00.407196" rpa="false" schemaversion="5">
<suite id="s1" name="Cadastro produto testes" source="c:\Users\arthu\Documents\programacao_faculdade\O.M.C.E\projetos\testesrobot\testes\Cadastro_produto_testes.robot">
<test id="s1-t1" name="CT49 - Cadastro de produto com preço negativo" line="8">
<kw name="Abrir o navegador" owner="login_resources" type="SETUP">
<kw name="Open Browser" owner="SeleniumLibrary">
<msg time="2025-10-30T10:44:00.710296" level="INFO">Opening browser 'Chrome' to base url 'http://127.0.0.1:5500/projetos/front-end/html/login.html'.</msg>
<arg>${URL}</arg>
<arg>${BROWSER}</arg>
<doc>Opens a new browser instance to the optional ``url``.</doc>
<status status="PASS" start="2025-10-30T10:44:00.709962" elapsed="1.384229"/>
</kw>
<kw name="Maximize Browser Window" owner="SeleniumLibrary">
<doc>Maximizes current browser window.</doc>
<status status="PASS" start="2025-10-30T10:44:02.095232" elapsed="0.157052"/>
</kw>
<status status="PASS" start="2025-10-30T10:44:00.709147" elapsed="1.543487"/>
</kw>
<kw name="Realizar login no site" owner="login_resources">
<kw name="Wait Until Element Is Visible" owner="SeleniumLibrary">
<arg>id=email</arg>
<arg>5s</arg>
<doc>Waits until the element ``locator`` is visible.</doc>
<status status="PASS" start="2025-10-30T10:44:02.254247" elapsed="0.028799"/>
</kw>
<kw name="Input Text" owner="SeleniumLibrary">
<msg time="2025-10-30T10:44:02.283892" level="INFO">Typing text 'omce4952@gmail.com' into text field 'id=email'.</msg>
<arg>id=email</arg>
<arg>${EMAIL}</arg>
<doc>Types the given ``text`` into the text field identified by ``locator``.</doc>
<status status="PASS" start="2025-10-30T10:44:02.283352" elapsed="0.109499"/>
</kw>
<kw name="Input Text" owner="SeleniumLibrary">
<msg time="2025-10-30T10:44:02.393821" level="INFO">Typing text 'Omce1234*' into text field 'id=senha'.</msg>
<arg>id=senha</arg>
<arg>${SENHA}</arg>
<doc>Types the given ``text`` into the text field identified by ``locator``.</doc>
<status status="PASS" start="2025-10-30T10:44:02.393361" elapsed="0.062378"/>
</kw>
<kw name="Wait Until Element Is Visible" owner="SeleniumLibrary">
<arg>xpath=//button[text()='Entrar']</arg>
<arg>5s</arg>
<doc>Waits until the element ``locator`` is visible.</doc>
<status status="PASS" start="2025-10-30T10:44:02.455994" elapsed="0.016040"/>
</kw>
<kw name="Click Button" owner="SeleniumLibrary">
<msg time="2025-10-30T10:44:02.472520" level="INFO">Clicking button 'Entrar'.</msg>
<arg>Entrar</arg>
<doc>Clicks the button identified by ``locator``.</doc>
<status status="PASS" start="2025-10-30T10:44:02.472278" elapsed="0.084594"/>
</kw>
<kw name="Wait Until Page Contains" owner="SeleniumLibrary">
<arg>Bem-vindo ao O.M.C.E</arg>
<arg>10s</arg>
<doc>Waits until ``text`` appears on the current page.</doc>
<status status="PASS" start="2025-10-30T10:44:02.557212" elapsed="0.014763"/>
</kw>
<kw name="Sleep" owner="BuiltIn">
<msg time="2025-10-30T10:44:05.572929" level="INFO">Slept 3 seconds.</msg>
<arg>3s</arg>
<doc>Pauses the test executed for the given time.</doc>
<status status="PASS" start="2025-10-30T10:44:02.572272" elapsed="3.001155"/>
</kw>
<status status="PASS" start="2025-10-30T10:44:02.253554" elapsed="3.320162"/>
</kw>
<kw name="Realizar Cadastro De Produto Com Valor negativo" owner="Cadastro_produto_resources">
<kw name="Wait Until Element Is Visible" owner="SeleniumLibrary">
<arg>xpath=//a[contains(text(),'Anunciar Produto')]</arg>
<arg>5s</arg>
<doc>Waits until the element ``locator`` is visible.</doc>
<status status="PASS" start="2025-10-30T10:44:05.575704" elapsed="0.019365"/>
</kw>
<kw name="Click Element" owner="SeleniumLibrary">
<msg time="2025-10-30T10:44:05.595887" level="INFO">Clicking element 'xpath=//a[contains(text(),'Anunciar Produto')]'.</msg>
<arg>xpath=//a[contains(text(),'Anunciar Produto')]</arg>
<doc>Click the element identified by ``locator``.</doc>
<status status="PASS" start="2025-10-30T10:44:05.595509" elapsed="0.120937"/>
</kw>
<kw name="Wait Until Location Contains" owner="SeleniumLibrary">
<arg>cadastroProduto.html</arg>
<arg>5s</arg>
<doc>Waits until the current URL contains ``expected``.</doc>
<status status="PASS" start="2025-10-30T10:44:05.716711" elapsed="0.005505"/>
</kw>
<kw name="Location Should Be" owner="SeleniumLibrary">
<msg time="2025-10-30T10:44:05.920334" level="INFO" html="true">&lt;/td&gt;&lt;/tr&gt;&lt;tr&gt;&lt;td colspan="3"&gt;&lt;a href="selenium-screenshot-2.png"&gt;&lt;img src="selenium-screenshot-2.png" width="800px"&gt;&lt;/a&gt;</msg>
<msg time="2025-10-30T10:44:05.920796" level="FAIL">Location should have been 'http://127.0.0.1:5500/front-end/html/cadastroProduto.html' but was 'http://127.0.0.1:5500/projetos/front-end/html/cadastroProduto.html'.</msg>
<arg>${URL_CADASTRO_PRODUTO}</arg>
<doc>Verifies that the current URL is exactly ``url``.</doc>
<status status="FAIL" start="2025-10-30T10:44:05.722464" elapsed="0.202984">Location should have been 'http://127.0.0.1:5500/front-end/html/cadastroProduto.html' but was 'http://127.0.0.1:5500/projetos/front-end/html/cadastroProduto.html'.</status>
</kw>
<kw name="Input Text" owner="SeleniumLibrary">
<arg>id=txtName</arg>
<arg>${Nome_produto}</arg>
<doc>Types the given ``text`` into the text field identified by ``locator``.</doc>
<status status="NOT RUN" start="2025-10-30T10:44:05.925713" elapsed="0.000088"/>
</kw>
<kw name="Input Text" owner="SeleniumLibrary">
<arg>id=txtPreco</arg>
<arg>${Preco_negativo}</arg>
<doc>Types the given ``text`` into the text field identified by ``locator``.</doc>
<status status="NOT RUN" start="2025-10-30T10:44:05.925909" elapsed="0.000059"/>
</kw>
<kw name="Input Text" owner="SeleniumLibrary">
<arg>id=txtDetalhes</arg>
<arg>${Detalhes}</arg>
<doc>Types the given ``text`` into the text field identified by ``locator``.</doc>
<status status="NOT RUN" start="2025-10-30T10:44:05.926051" elapsed="0.000053"/>
</kw>
<kw name="Select Radio Button" owner="SeleniumLibrary">
<arg>Condicao</arg>
<arg>NOVO</arg>
<doc>Sets the radio button group ``group_name`` to ``value``.</doc>
<status status="NOT RUN" start="2025-10-30T10:44:05.926183" elapsed="0.000055"/>
</kw>
<kw name="Select Radio Button" owner="SeleniumLibrary">
<arg>categoria</arg>
<arg>ESP32</arg>
<doc>Sets the radio button group ``group_name`` to ``value``.</doc>
<status status="NOT RUN" start="2025-10-30T10:44:05.926325" elapsed="0.000052"/>
</kw>
<kw name="Choose File" owner="SeleniumLibrary">
<arg>id=productImage</arg>
<arg>${IMAGE_PATH}</arg>
<doc>Inputs the ``file_path`` into the file input field ``locator``.</doc>
<status status="NOT RUN" start="2025-10-30T10:44:05.926477" elapsed="0.000061"/>
</kw>
<kw name="Sleep" owner="BuiltIn">
<arg>2s</arg>
<doc>Pauses the test executed for the given time.</doc>
<status status="NOT RUN" start="2025-10-30T10:44:05.926645" elapsed="0.000093"/>
</kw>
<kw name="Click Element" owner="SeleniumLibrary">
<arg>xpath=//input[@type='submit' and @value='Finalizar cadastro de produto']</arg>
<doc>Click the element identified by ``locator``.</doc>
<status status="NOT RUN" start="2025-10-30T10:44:05.926836" elapsed="0.000105"/>
</kw>
<kw name="Wait Until Element Is Visible" owner="SeleniumLibrary">
<arg>css=.swal2-popup</arg>
<arg>10s</arg>
<doc>Waits until the element ``locator`` is visible.</doc>
<status status="NOT RUN" start="2025-10-30T10:44:05.927045" elapsed="0.000060"/>
</kw>
<kw name="Element Should Contain" owner="SeleniumLibrary">
<arg>css=#swal2-title</arg>
<arg>Erro no cadastro.</arg>
<doc>Verifies that element ``locator`` contains text ``expected``.</doc>
<status status="NOT RUN" start="2025-10-30T10:44:05.927200" elapsed="0.000062"/>
</kw>
<kw name="Click Button" owner="SeleniumLibrary">
<arg>css=.swal2-confirm</arg>
<doc>Clicks the button identified by ``locator``.</doc>
<status status="NOT RUN" start="2025-10-30T10:44:05.927361" elapsed="0.000069"/>
</kw>
<status status="FAIL" start="2025-10-30T10:44:05.574984" elapsed="0.352610">Location should have been 'http://127.0.0.1:5500/front-end/html/cadastroProduto.html' but was 'http://127.0.0.1:5500/projetos/front-end/html/cadastroProduto.html'.</status>
</kw>
<kw name="Fechar o navegador" owner="login_resources" type="TEARDOWN">
<kw name="Capture Page Screenshot" owner="SeleniumLibrary">
<msg time="2025-10-30T10:44:06.113933" level="INFO" html="true">&lt;/td&gt;&lt;/tr&gt;&lt;tr&gt;&lt;td colspan="3"&gt;&lt;a href="printsSelenium/screenshot_13.png"&gt;&lt;img src="printsSelenium/screenshot_13.png" width="800px"&gt;&lt;/a&gt;</msg>
<arg>${EXECDIR}/printsSelenium/screenshot_{index}.png</arg>
<doc>Takes a screenshot of the current page and embeds it into a log file.</doc>
<status status="PASS" start="2025-10-30T10:44:05.929344" elapsed="0.185228"/>
</kw>
<kw name="Close Browser" owner="SeleniumLibrary">
<doc>Closes the current browser.</doc>
<status status="PASS" start="2025-10-30T10:44:06.115024" elapsed="2.184889"/>
</kw>
<status status="PASS" start="2025-10-30T10:44:05.928654" elapsed="2.371854"/>
</kw>
<doc>Esse teste realiza um cadastro de produto com valor negativo</doc>
<tag>produto_valor_negativo</tag>
<status status="FAIL" start="2025-10-30T10:44:00.706445" elapsed="7.595263">Location should have been 'http://127.0.0.1:5500/front-end/html/cadastroProduto.html' but was 'http://127.0.0.1:5500/projetos/front-end/html/cadastroProduto.html'.</status>
</test>
<status status="FAIL" start="2025-10-30T10:44:00.414379" elapsed="7.889713"/>
</suite>
<statistics>
<total>
<stat pass="0" fail="1" skip="0">All Tests</stat>
</total>
<tag>
<stat pass="0" fail="1" skip="0">produto_valor_negativo</stat>
</tag>
<suite>
<stat name="Cadastro produto testes" id="s1" pass="0" fail="1" skip="0">Cadastro produto testes</stat>
</suite>
</statistics>
<errors>
</errors>
</robot>
