<?xml version="1.0" encoding="UTF-8"?>
<robot generator="Robot 7.3.2 (Python 3.14.0 on win32)" generated="2025-10-27T10:24:38.947085" rpa="false" schemaversion="5">
<suite id="s1" name="Login Testes" source="c:\Users\arthu\Documents\programacao_faculdade\O.M.C.E\projetos\testesrobot\testes\login_testes.robot">
<test id="s1-t1" name="CT44 - Realizar Login com Email incorreto" line="18">
<kw name="Abrir o navegador" owner="login_resources" type="SETUP">
<kw name="Open Browser" owner="SeleniumLibrary">
<msg time="2025-10-27T10:24:39.287035" level="INFO">Opening browser 'Chrome' to base url 'http://127.0.0.1:5500/front-end/html/login.html'.</msg>
<arg>${URL}</arg>
<arg>${BROWSER}</arg>
<doc>Opens a new browser instance to the optional ``url``.</doc>
<status status="PASS" start="2025-10-27T10:24:39.286737" elapsed="5.042623"/>
</kw>
<kw name="Maximize Browser Window" owner="SeleniumLibrary">
<doc>Maximizes current browser window.</doc>
<status status="PASS" start="2025-10-27T10:24:44.330009" elapsed="0.039988"/>
</kw>
<status status="PASS" start="2025-10-27T10:24:39.285456" elapsed="5.084797"/>
</kw>
<kw name="Realizar Login Com Email incorreto" owner="login_resources">
<kw name="Wait Until Element Is Visible" owner="SeleniumLibrary">
<arg>id=email</arg>
<arg>5s</arg>
<doc>Waits until the element ``locator`` is visible.</doc>
<status status="PASS" start="2025-10-27T10:24:44.371410" elapsed="0.071415"/>
</kw>
<kw name="Input Text" owner="SeleniumLibrary">
<msg time="2025-10-27T10:24:44.443483" level="INFO">Typing text 'omce492@gmail.com' into text field 'id=email'.</msg>
<arg>id=email</arg>
<arg>${EMAIL_INCORRETO}</arg>
<doc>Types the given ``text`` into the text field identified by ``locator``.</doc>
<status status="PASS" start="2025-10-27T10:24:44.443104" elapsed="0.113331"/>
</kw>
<kw name="Input Text" owner="SeleniumLibrary">
<msg time="2025-10-27T10:24:44.557270" level="INFO">Typing text 'Omce1234*' into text field 'id=senha'.</msg>
<arg>id=senha</arg>
<arg>${SENHA}</arg>
<doc>Types the given ``text`` into the text field identified by ``locator``.</doc>
<status status="PASS" start="2025-10-27T10:24:44.556807" elapsed="0.086435"/>
</kw>
<kw name="Wait Until Element Is Visible" owner="SeleniumLibrary">
<arg>xpath=//button[text()='Entrar']</arg>
<arg>5s</arg>
<doc>Waits until the element ``locator`` is visible.</doc>
<status status="PASS" start="2025-10-27T10:24:44.643531" elapsed="0.018598"/>
</kw>
<kw name="Click Button" owner="SeleniumLibrary">
<msg time="2025-10-27T10:24:44.662625" level="INFO">Clicking button 'Entrar'.</msg>
<arg>Entrar</arg>
<doc>Clicks the button identified by ``locator``.</doc>
<status status="PASS" start="2025-10-27T10:24:44.662382" elapsed="0.069265"/>
</kw>
<kw name="Wait Until Element Is Visible" owner="SeleniumLibrary">
<arg>css=.swal2-popup</arg>
<arg>5s</arg>
<doc>Waits until the element ``locator`` is visible.</doc>
<status status="PASS" start="2025-10-27T10:24:44.732480" elapsed="0.442494"/>
</kw>
<kw name="Element Should Contain" owner="SeleniumLibrary">
<msg time="2025-10-27T10:24:45.203666" level="INFO">Element 'css=.swal2-title' contains text 'Não foi possível realizar seu login'.</msg>
<arg>css=.swal2-title</arg>
<arg>Não foi possível realizar seu login</arg>
<doc>Verifies that element ``locator`` contains text ``expected``.</doc>
<status status="PASS" start="2025-10-27T10:24:45.175261" elapsed="0.028691"/>
</kw>
<kw name="Element Should Contain" owner="SeleniumLibrary">
<msg time="2025-10-27T10:24:45.222309" level="INFO">Element 'css=#swal2-html-container' contains text 'Verifique suas credenciais'.</msg>
<arg>css=#swal2-html-container</arg>
<arg>Verifique suas credenciais</arg>
<doc>Verifies that element ``locator`` contains text ``expected``.</doc>
<status status="PASS" start="2025-10-27T10:24:45.204152" elapsed="0.018457"/>
</kw>
<kw name="Click Button" owner="SeleniumLibrary">
<msg time="2025-10-27T10:24:45.223240" level="INFO">Clicking button 'css=.swal2-confirm'.</msg>
<arg>css=.swal2-confirm</arg>
<doc>Clicks the button identified by ``locator``.</doc>
<status status="PASS" start="2025-10-27T10:24:45.222876" elapsed="0.091515"/>
</kw>
<status status="PASS" start="2025-10-27T10:24:44.370881" elapsed="0.943712"/>
</kw>
<kw name="Fechar o navegador" owner="login_resources" type="TEARDOWN">
<kw name="Capture Page Screenshot" owner="SeleniumLibrary">
<msg time="2025-10-27T10:24:45.541753" level="INFO" html="true">&lt;/td&gt;&lt;/tr&gt;&lt;tr&gt;&lt;td colspan="3"&gt;&lt;a href="projetos/printsSelenium/screenshot_1.png"&gt;&lt;img src="projetos/printsSelenium/screenshot_1.png" width="800px"&gt;&lt;/a&gt;</msg>
<arg>${EXECDIR}${/}projetos${/}printsSelenium${/}screenshot_{index}.png</arg>
<doc>Takes a screenshot of the current page and embeds it into a log file.</doc>
<status status="PASS" start="2025-10-27T10:24:45.315702" elapsed="0.226445"/>
</kw>
<kw name="Close Browser" owner="SeleniumLibrary">
<doc>Closes the current browser.</doc>
<status status="PASS" start="2025-10-27T10:24:45.542427" elapsed="2.158998"/>
</kw>
<status status="PASS" start="2025-10-27T10:24:45.315169" elapsed="2.386712"/>
</kw>
<doc>Esse teste realiza login com email incorreto</doc>
<tag>EMAIL_INCORRETO</tag>
<status status="PASS" start="2025-10-27T10:24:39.284486" elapsed="8.417898"/>
</test>
<status status="PASS" start="2025-10-27T10:24:38.952949" elapsed="8.751436"/>
</suite>
<statistics>
<total>
<stat pass="1" fail="0" skip="0">All Tests</stat>
</total>
<tag>
<stat pass="1" fail="0" skip="0">EMAIL_INCORRETO</stat>
</tag>
<suite>
<stat name="Login Testes" id="s1" pass="1" fail="0" skip="0">Login Testes</stat>
</suite>
</statistics>
<errors>
</errors>
</robot>
